# JRE version: OpenJDK Runtime Environment (8.0_152-b06) (build 1.8.0_152-release-1136-b06)
# Java VM: OpenJDK 64-Bit Server VM (25.152-b06 mixed mode bsd-amd64 compressed oops)
Heap:
 PSYoungGen      total 440832K, used 440823K [0x0000000755580000, 0x000000077a400000, 0x00000007c0000000)
  eden space 403456K, 100% used [0x0000000755580000,0x000000076df80000,0x000000076df80000)
  from space 37376K, 99% used [0x000000076df80000,0x00000007703fdf40,0x0000000770400000)
  to   space 69120K, 99% used [0x0000000776080000,0x000000077a3ff008,0x000000077a400000)
 ParOldGen       total 269824K, used 162884K [0x0000000680000000, 0x0000000690780000, 0x0000000755580000)
  object space 269824K, 60% used [0x0000000680000000,0x0000000689f13020,0x0000000690780000)
 Metaspace       used 79432K, capacity 83718K, committed 83732K, reserved 1122304K
  class space    used 10598K, capacity 11540K, committed 11540K, reserved 1048576K
GC Heap History (10 events):
Event: 4.516 GC heap after
Heap after GC invocations=8 (full 2):
 PSYoungGen      total 302592K, used 12271K [0x0000000755580000, 0x000000076ee00000, 0x00000007c0000000)
  eden space 290304K, 0% used [0x0000000755580000,0x0000000755580000,0x0000000767100000)
  from space 12288K, 99% used [0x0000000768400000,0x0000000768ffbc98,0x0000000769000000)
  to   space 19456K, 0% used [0x0000000767100000,0x0000000767100000,0x0000000768400000)
 ParOldGen       total 165888K, used 27600K [0x0000000680000000, 0x000000068a200000, 0x0000000755580000)
  object space 165888K, 16% used [0x0000000680000000,0x0000000681af4290,0x000000068a200000)
 Metaspace       used 47795K, capacity 48916K, committed 49024K, reserved 1091584K
  class space    used 6422K, capacity 6757K, committed 6784K, reserved 1048576K
}
Event: 5.911 GC heap before
{Heap before GC invocations=9 (full 2):
 PSYoungGen      total 302592K, used 218840K [0x0000000755580000, 0x000000076ee00000, 0x00000007c0000000)
  eden space 290304K, 71% used [0x0000000755580000,0x0000000761f3a5f8,0x0000000767100000)
  from space 12288K, 99% used [0x0000000768400000,0x0000000768ffbc98,0x0000000769000000)
  to   space 19456K, 0% used [0x0000000767100000,0x0000000767100000,0x0000000768400000)
 ParOldGen       total 165888K, used 27600K [0x0000000680000000, 0x000000068a200000, 0x0000000755580000)
  object space 165888K, 16% used [0x0000000680000000,0x0000000681af4290,0x000000068a200000)
 Metaspace       used 56392K, capacity 58904K, committed 59028K, reserved 1099776K
  class space    used 7685K, capacity 8333K, committed 8340K, reserved 1048576K
Event: 5.935 GC heap after
Heap after GC invocations=9 (full 2):
 PSYoungGen      total 309760K, used 19451K [0x0000000755580000, 0x0000000772880000, 0x00000007c0000000)
  eden space 290304K, 0% used [0x0000000755580000,0x0000000755580000,0x0000000767100000)
  from space 19456K, 99% used [0x0000000767100000,0x00000007683feed8,0x0000000768400000)
  to   space 29696K, 0% used [0x0000000770b80000,0x0000000770b80000,0x0000000772880000)
 ParOldGen       total 165888K, used 43225K [0x0000000680000000, 0x000000068a200000, 0x0000000755580000)
  object space 165888K, 26% used [0x0000000680000000,0x0000000682a366b8,0x000000068a200000)
 Metaspace       used 56392K, capacity 58904K, committed 59028K, reserved 1099776K
  class space    used 7685K, capacity 8333K, committed 8340K, reserved 1048576K
}
Event: 5.935 GC heap before
{Heap before GC invocations=10 (full 3):
 PSYoungGen      total 309760K, used 19451K [0x0000000755580000, 0x0000000772880000, 0x00000007c0000000)
  eden space 290304K, 0% used [0x0000000755580000,0x0000000755580000,0x0000000767100000)
  from space 19456K, 99% used [0x0000000767100000,0x00000007683feed8,0x0000000768400000)
  to   space 29696K, 0% used [0x0000000770b80000,0x0000000770b80000,0x0000000772880000)
 ParOldGen       total 165888K, used 43225K [0x0000000680000000, 0x000000068a200000, 0x0000000755580000)
  object space 165888K, 26% used [0x0000000680000000,0x0000000682a366b8,0x000000068a200000)
 Metaspace       used 56392K, capacity 58904K, committed 59028K, reserved 1099776K
  class space    used 7685K, capacity 8333K, committed 8340K, reserved 1048576K
Event: 6.125 GC heap after
Heap after GC invocations=10 (full 3):
 PSYoungGen      total 309760K, used 0K [0x0000000755580000, 0x0000000772880000, 0x00000007c0000000)
  eden space 290304K, 0% used [0x0000000755580000,0x0000000755580000,0x0000000767100000)
  from space 19456K, 0% used [0x0000000767100000,0x0000000767100000,0x0000000768400000)
  to   space 29696K, 0% used [0x0000000770b80000,0x0000000770b80000,0x0000000772880000)
 ParOldGen       total 269824K, used 48787K [0x0000000680000000, 0x0000000690780000, 0x0000000755580000)
  object space 269824K, 18% used [0x0000000680000000,0x0000000682fa4ec0,0x0000000690780000)
 Metaspace       used 56392K, capacity 58904K, committed 59028K, reserved 1099776K
  class space    used 7685K, capacity 8333K, committed 8340K, reserved 1048576K
}
Event: 7.926 GC heap before
{Heap before GC invocations=11 (full 3):
 PSYoungGen      total 309760K, used 290304K [0x0000000755580000, 0x0000000772880000, 0x00000007c0000000)
  eden space 290304K, 100% used [0x0000000755580000,0x0000000767100000,0x0000000767100000)
  from space 19456K, 0% used [0x0000000767100000,0x0000000767100000,0x0000000768400000)
  to   space 29696K, 0% used [0x0000000770b80000,0x0000000770b80000,0x0000000772880000)
 ParOldGen       total 269824K, used 48787K [0x0000000680000000, 0x0000000690780000, 0x0000000755580000)
  object space 269824K, 18% used [0x0000000680000000,0x0000000682fa4ec0,0x0000000690780000)
 Metaspace       used 64790K, capacity 67600K, committed 67860K, reserved 1107968K
  class space    used 8719K, capacity 9429K, committed 9492K, reserved 1048576K
Event: 7.958 GC heap after
Heap after GC invocations=11 (full 3):
 PSYoungGen      total 415232K, used 29687K [0x0000000755580000, 0x0000000772880000, 0x00000007c0000000)
  eden space 385536K, 0% used [0x0000000755580000,0x0000000755580000,0x000000076ce00000)
  from space 29696K, 99% used [0x0000000770b80000,0x000000077287df70,0x0000000772880000)
  to   space 37376K, 0% used [0x000000076df80000,0x000000076df80000,0x0000000770400000)
 ParOldGen       total 269824K, used 55418K [0x0000000680000000, 0x0000000690780000, 0x0000000755580000)
  object space 269824K, 20% used [0x0000000680000000,0x000000068361e990,0x0000000690780000)
 Metaspace       used 64790K, capacity 67600K, committed 67860K, reserved 1107968K
  class space    used 8719K, capacity 9429K, committed 9492K, reserved 1048576K
}
Event: 10.564 GC heap before
{Heap before GC invocations=12 (full 3):
 PSYoungGen      total 415232K, used 415223K [0x0000000755580000, 0x0000000772880000, 0x00000007c0000000)
  eden space 385536K, 100% used [0x0000000755580000,0x000000076ce00000,0x000000076ce00000)
  from space 29696K, 99% used [0x0000000770b80000,0x000000077287df70,0x0000000772880000)
  to   space 37376K, 0% used [0x000000076df80000,0x000000076df80000,0x0000000770400000)
 ParOldGen       total 269824K, used 55418K [0x0000000680000000, 0x0000000690780000, 0x0000000755580000)
  object space 269824K, 20% used [0x0000000680000000,0x000000068361e990,0x0000000690780000)
 Metaspace       used 79146K, capacity 83426K, committed 83732K, reserved 1122304K
  class space    used 10578K, capacity 11498K, committed 11540K, reserved 1048576K
Event: 10.627 GC heap after
Heap after GC invocations=12 (full 3):
 PSYoungGen      total 440832K, used 37367K [0x0000000755580000, 0x000000077a400000, 0x00000007c0000000)
  eden space 403456K, 0% used [0x0000000755580000,0x0000000755580000,0x000000076df80000)
  from space 37376K, 99% used [0x000000076df80000,0x00000007703fdf40,0x0000000770400000)
  to   space 69120K, 0% used [0x0000000776080000,0x0000000776080000,0x000000077a400000)
 ParOldGen       total 269824K, used 120108K [0x0000000680000000, 0x0000000690780000, 0x0000000755580000)
  object space 269824K, 44% used [0x0000000680000000,0x000000068754b3e0,0x0000000690780000)
 Metaspace       used 79146K, capacity 83426K, committed 83732K, reserved 1122304K
  class space    used 10578K, capacity 11498K, committed 11540K, reserved 1048576K
}
Event: 11.268 GC heap before
{Heap before GC invocations=13 (full 3):
 PSYoungGen      total 440832K, used 440823K [0x0000000755580000, 0x000000077a400000, 0x00000007c0000000)
  eden space 403456K, 100% used [0x0000000755580000,0x000000076df80000,0x000000076df80000)
  from space 37376K, 99% used [0x000000076df80000,0x00000007703fdf40,0x0000000770400000)
  to   space 69120K, 0% used [0x0000000776080000,0x0000000776080000,0x000000077a400000)
 ParOldGen       total 269824K, used 120108K [0x0000000680000000, 0x0000000690780000, 0x0000000755580000)
  object space 269824K, 44% used [0x0000000680000000,0x000000068754b3e0,0x0000000690780000)
 Metaspace       used 79432K, capacity 83718K, committed 83732K, reserved 1122304K
  class space    used 10598K, capacity 11540K, committed 11540K, reserved 1048576K

