# JRE version: OpenJDK Runtime Environment (8.0_152-b06) (build 1.8.0_152-release-1136-b06)
# Java VM: OpenJDK 64-Bit Server VM (25.152-b06 mixed mode bsd-amd64 compressed oops)
Heap:
 PSYoungGen      total 312320K, used 19451K [0x0000000755580000, 0x0000000772b00000, 0x00000007c0000000)
  eden space 292864K, 0% used [0x0000000755580000,0x0000000755580000,0x0000000767380000)
  from space 19456K, 99% used [0x0000000767380000,0x000000076867ef08,0x0000000768680000)
  to   space 30720K, 0% used [0x0000000770d00000,0x0000000770d00000,0x0000000772b00000)
 ParOldGen       total 164352K, used 44954K [0x0000000680000000, 0x000000068a080000, 0x0000000755580000)
  object space 164352K, 27% used [0x0000000680000000,0x0000000682be6b88,0x000000068a080000)
 Metaspace       used 56423K, capacity 59002K, committed 59028K, reserved 1099776K
  class space    used 7706K, capacity 8380K, committed 8380K, reserved 1048576K
GC Heap History (10 events):
Event: 2.435 GC heap after
Heap after GC invocations=5 (full 1):
 PSYoungGen      total 208384K, used 10750K [0x0000000755580000, 0x0000000766a80000, 0x00000007c0000000)
  eden space 197632K, 0% used [0x0000000755580000,0x0000000755580000,0x0000000761680000)
  from space 10752K, 99% used [0x0000000766000000,0x0000000766a7fad0,0x0000000766a80000)
  to   space 10752K, 0% used [0x0000000765580000,0x0000000765580000,0x0000000766000000)
 ParOldGen       total 104960K, used 9799K [0x0000000680000000, 0x0000000686680000, 0x0000000755580000)
  object space 104960K, 9% used [0x0000000680000000,0x0000000680991d98,0x0000000686680000)
 Metaspace       used 29140K, capacity 29636K, committed 30208K, reserved 1075200K
  class space    used 4071K, capacity 4230K, committed 4352K, reserved 1048576K
}
Event: 2.804 GC heap before
{Heap before GC invocations=6 (full 1):
 PSYoungGen      total 208384K, used 49155K [0x0000000755580000, 0x0000000766a80000, 0x00000007c0000000)
  eden space 197632K, 19% used [0x0000000755580000,0x0000000757b01130,0x0000000761680000)
  from space 10752K, 99% used [0x0000000766000000,0x0000000766a7fad0,0x0000000766a80000)
  to   space 10752K, 0% used [0x0000000765580000,0x0000000765580000,0x0000000766000000)
 ParOldGen       total 104960K, used 9799K [0x0000000680000000, 0x0000000686680000, 0x0000000755580000)
  object space 104960K, 9% used [0x0000000680000000,0x0000000680991d98,0x0000000686680000)
 Metaspace       used 34521K, capacity 35206K, committed 35416K, reserved 1079296K
  class space    used 4774K, capacity 4981K, committed 4992K, reserved 1048576K
Event: 2.813 GC heap after
Heap after GC invocations=6 (full 1):
 PSYoungGen      total 272896K, used 10215K [0x0000000755580000, 0x0000000769280000, 0x00000007c0000000)
  eden space 262144K, 0% used [0x0000000755580000,0x0000000755580000,0x0000000765580000)
  from space 10752K, 95% used [0x0000000765580000,0x0000000765f79d08,0x0000000766000000)
  to   space 12288K, 0% used [0x0000000768680000,0x0000000768680000,0x0000000769280000)
 ParOldGen       total 104960K, used 9807K [0x0000000680000000, 0x0000000686680000, 0x0000000755580000)
  object space 104960K, 9% used [0x0000000680000000,0x0000000680993d98,0x0000000686680000)
 Metaspace       used 34521K, capacity 35206K, committed 35416K, reserved 1079296K
  class space    used 4774K, capacity 4981K, committed 4992K, reserved 1048576K
}
Event: 2.813 GC heap before
{Heap before GC invocations=7 (full 2):
 PSYoungGen      total 272896K, used 10215K [0x0000000755580000, 0x0000000769280000, 0x00000007c0000000)
  eden space 262144K, 0% used [0x0000000755580000,0x0000000755580000,0x0000000765580000)
  from space 10752K, 95% used [0x0000000765580000,0x0000000765f79d08,0x0000000766000000)
  to   space 12288K, 0% used [0x0000000768680000,0x0000000768680000,0x0000000769280000)
 ParOldGen       total 104960K, used 9807K [0x0000000680000000, 0x0000000686680000, 0x0000000755580000)
  object space 104960K, 9% used [0x0000000680000000,0x0000000680993d98,0x0000000686680000)
 Metaspace       used 34521K, capacity 35206K, committed 35416K, reserved 1079296K
  class space    used 4774K, capacity 4981K, committed 4992K, reserved 1048576K
Event: 2.852 GC heap after
Heap after GC invocations=7 (full 2):
 PSYoungGen      total 272896K, used 0K [0x0000000755580000, 0x0000000769280000, 0x00000007c0000000)
  eden space 262144K, 0% used [0x0000000755580000,0x0000000755580000,0x0000000765580000)
  from space 10752K, 0% used [0x0000000765580000,0x0000000765580000,0x0000000766000000)
  to   space 12288K, 0% used [0x0000000768680000,0x0000000768680000,0x0000000769280000)
 ParOldGen       total 164352K, used 16936K [0x0000000680000000, 0x000000068a080000, 0x0000000755580000)
  object space 164352K, 10% used [0x0000000680000000,0x000000068108a310,0x000000068a080000)
 Metaspace       used 34521K, capacity 35206K, committed 35416K, reserved 1079296K
  class space    used 4774K, capacity 4981K, committed 4992K, reserved 1048576K
}
Event: 4.588 GC heap before
{Heap before GC invocations=8 (full 2):
 PSYoungGen      total 272896K, used 262144K [0x0000000755580000, 0x0000000769280000, 0x00000007c0000000)
  eden space 262144K, 100% used [0x0000000755580000,0x0000000765580000,0x0000000765580000)
  from space 10752K, 0% used [0x0000000765580000,0x0000000765580000,0x0000000766000000)
  to   space 12288K, 0% used [0x0000000768680000,0x0000000768680000,0x0000000769280000)
 ParOldGen       total 164352K, used 16936K [0x0000000680000000, 0x000000068a080000, 0x0000000755580000)
  object space 164352K, 10% used [0x0000000680000000,0x000000068108a310,0x000000068a080000)
 Metaspace       used 47540K, capacity 48584K, committed 48984K, reserved 1091584K
  class space    used 6383K, capacity 6703K, committed 6784K, reserved 1048576K
Event: 4.607 GC heap after
Heap after GC invocations=8 (full 2):
 PSYoungGen      total 305152K, used 12260K [0x0000000755580000, 0x000000076ec00000, 0x00000007c0000000)
  eden space 292864K, 0% used [0x0000000755580000,0x0000000755580000,0x0000000767380000)
  from space 12288K, 99% used [0x0000000768680000,0x0000000769279130,0x0000000769280000)
  to   space 19456K, 0% used [0x0000000767380000,0x0000000767380000,0x0000000768680000)
 ParOldGen       total 164352K, used 27882K [0x0000000680000000, 0x000000068a080000, 0x0000000755580000)
  object space 164352K, 16% used [0x0000000680000000,0x0000000681b3a9c8,0x000000068a080000)
 Metaspace       used 47540K, capacity 48584K, committed 48984K, reserved 1091584K
  class space    used 6383K, capacity 6703K, committed 6784K, reserved 1048576K
}
Event: 6.187 GC heap before
{Heap before GC invocations=9 (full 2):
 PSYoungGen      total 305152K, used 227863K [0x0000000755580000, 0x000000076ec00000, 0x00000007c0000000)
  eden space 292864K, 73% used [0x0000000755580000,0x000000076280cbf8,0x0000000767380000)
  from space 12288K, 99% used [0x0000000768680000,0x0000000769279130,0x0000000769280000)
  to   space 19456K, 0% used [0x0000000767380000,0x0000000767380000,0x0000000768680000)
 ParOldGen       total 164352K, used 27882K [0x0000000680000000, 0x000000068a080000, 0x0000000755580000)
  object space 164352K, 16% used [0x0000000680000000,0x0000000681b3a9c8,0x000000068a080000)
 Metaspace       used 56423K, capacity 59002K, committed 59028K, reserved 1099776K
  class space    used 7706K, capacity 8380K, committed 8380K, reserved 1048576K
Event: 6.213 GC heap after
Heap after GC invocations=9 (full 2):
 PSYoungGen      total 312320K, used 19451K [0x0000000755580000, 0x0000000772b00000, 0x00000007c0000000)
  eden space 292864K, 0% used [0x0000000755580000,0x0000000755580000,0x0000000767380000)
  from space 19456K, 99% used [0x0000000767380000,0x000000076867ef08,0x0000000768680000)
  to   space 30720K, 0% used [0x0000000770d00000,0x0000000770d00000,0x0000000772b00000)
 ParOldGen       total 164352K, used 44954K [0x0000000680000000, 0x000000068a080000, 0x0000000755580000)
  object space 164352K, 27% used [0x0000000680000000,0x0000000682be6b88,0x000000068a080000)
 Metaspace       used 56423K, capacity 59002K, committed 59028K, reserved 1099776K
  class space    used 7706K, capacity 8380K, committed 8380K, reserved 1048576K
}
Event: 6.213 GC heap before
{Heap before GC invocations=10 (full 3):
 PSYoungGen      total 312320K, used 19451K [0x0000000755580000, 0x0000000772b00000, 0x00000007c0000000)
  eden space 292864K, 0% used [0x0000000755580000,0x0000000755580000,0x0000000767380000)
  from space 19456K, 99% used [0x0000000767380000,0x000000076867ef08,0x0000000768680000)
  to   space 30720K, 0% used [0x0000000770d00000,0x0000000770d00000,0x0000000772b00000)
 ParOldGen       total 164352K, used 44954K [0x0000000680000000, 0x000000068a080000, 0x0000000755580000)
  object space 164352K, 27% used [0x0000000680000000,0x0000000682be6b88,0x000000068a080000)
 Metaspace       used 56423K, capacity 59002K, committed 59028K, reserved 1099776K
  class space    used 7706K, capacity 8380K, committed 8380K, reserved 1048576K

